d:\uni\year three\project\product creation\code\defaultsfml\defaultsfml\debug\vc140.pdb
d:\uni\year three\project\product creation\code\defaultsfml\defaultsfml\debug\vc140.idb
d:\uni\year three\project\product creation\code\defaultsfml\defaultsfml\debug\achievement.obj
d:\uni\year three\project\product creation\code\defaultsfml\defaultsfml\debug\button.obj
d:\uni\year three\project\product creation\code\defaultsfml\defaultsfml\debug\clickable.obj
d:\uni\year three\project\product creation\code\defaultsfml\defaultsfml\debug\hoverable.obj
d:\uni\year three\project\product creation\code\defaultsfml\defaultsfml\debug\main.obj
d:\uni\year three\project\product creation\code\defaultsfml\defaultsfml\debug\profile.obj
d:\uni\year three\project\product creation\code\defaultsfml\defaultsfml\debug\textbox.obj
d:\uni\year three\project\product creation\code\defaultsfml\debug\defaultsfml.ilk
d:\uni\year three\project\product creation\code\defaultsfml\debug\defaultsfml.exe
d:\uni\year three\project\product creation\code\defaultsfml\debug\defaultsfml.pdb
d:\uni\year three\project\product creation\code\trafficmanagement\defaultsfml\debug\achievement.obj
d:\uni\year three\project\product creation\code\trafficmanagement\defaultsfml\debug\button.obj
d:\uni\year three\project\product creation\code\trafficmanagement\defaultsfml\debug\clickable.obj
d:\uni\year three\project\product creation\code\trafficmanagement\defaultsfml\debug\hoverable.obj
d:\uni\year three\project\product creation\code\trafficmanagement\defaultsfml\debug\main.obj
d:\uni\year three\project\product creation\code\trafficmanagement\defaultsfml\debug\profile.obj
d:\uni\year three\project\product creation\code\trafficmanagement\defaultsfml\debug\textbox.obj
d:\uni\year three\project\product creation\code\trafficmanagement\defaultsfml\debug\vc140.idb
d:\uni\year three\project\product creation\code\trafficmanagement\defaultsfml\debug\vc140.pdb
d:\uni\year three\project\product creation\code\trafficmanagement\debug\defaultsfml.pdb
d:\uni\year three\project\product creation\code\trafficmanagement\debug\defaultsfml.exe
d:\uni\year three\project\product creation\code\trafficmanagement\debug\defaultsfml.ilk
d:\uni\year three\project\product creation\code\trafficmanagement\defaultsfml\debug\defaultsfml.tlog\cl.command.1.tlog
d:\uni\year three\project\product creation\code\trafficmanagement\defaultsfml\debug\defaultsfml.tlog\cl.read.1.tlog
d:\uni\year three\project\product creation\code\trafficmanagement\defaultsfml\debug\defaultsfml.tlog\cl.write.1.tlog
d:\uni\year three\project\product creation\code\trafficmanagement\defaultsfml\debug\defaultsfml.tlog\link.command.1.tlog
d:\uni\year three\project\product creation\code\trafficmanagement\defaultsfml\debug\defaultsfml.tlog\link.read.1.tlog
d:\uni\year three\project\product creation\code\trafficmanagement\defaultsfml\debug\defaultsfml.tlog\link.write.1.tlog
